WARNING:root:[0:20:20]  Cassette I/O error during read: Byte not framed: [0, 1, 0, 1, 0, 0, 1, 1, 1, 1, 0] 
WARNING:root:[0:20:20]  Cassette I/O error during read: Byte not framed: [0, 1, 1, 1, 1, 1, 1, 0, 1, 0, 1] 
WARNING:root:[0:20:20]  Cassette I/O error during read: Byte not framed: [0, 0, 1, 1, 1, 1, 1, 0, 0, 1, 0] 
WARNING:root:[0:20:20]  Cassette I/O error during read: Byte not framed: [1, 1, 1, 1, 1, 1, 0, 1, 0, 0, 1] 
WARNING:root:[0:20:20]  Cassette I/O error during read: Byte not framed: [1, 0, 1, 1, 1, 0, 0, 1, 0, 0, 0] 
WARNING:root:[0:20:20]  Cassette I/O error during read: Byte not framed: [0, 0, 0, 1, 1, 1, 0, 0, 1, 0, 0] 
WARNING:root:[0:20:20]  Cassette I/O error during read: Byte not framed: [1, 0, 1, 1, 1, 0, 1, 1, 0, 0, 1] 
WARNING:root:[0:20:20]  Cassette I/O error during read: Byte not framed: [0, 1, 1, 1, 0, 0, 0, 0, 0, 0, 1] 
WARNING:root:[0:20:20]  Cassette I/O error during read: Byte not framed: [0, 1, 1, 1, 0, 0, 0, 0, 0, 1, 0] 
WARNING:root:[0:20:20]  Cassette I/O error during read: Byte not framed: [1, 1, 1, 0, 0, 1, 0, 0, 1, 0, 1] 
WARNING:root:[0:20:20]  Cassette I/O error during read: Byte not framed: [1, 1, 0, 1, 0, 0, 1, 0, 0, 1, 1] 
WARNING:root:[0:20:20]  Cassette I/O error during read: Byte not framed: [1, 0, 0, 1, 1, 1, 0, 0, 1, 1, 1] 
WARNING:root:[0:21:31]  Checksum failed, required: ce realised: d0
Found track 0 at [0:00:17] 
Found track 1 at [0:03:12] 
Found track 2 at [0:04:36] 
Found track 3 at [0:05:15] 
Found track 4 at [0:07:29] 
Found track 5 at [0:09:47] 
Found track 6 at [0:11:51] 
Found track 7 at [0:12:46] 
Found track 8 at [0:16:23] 
Found track 9 at [0:17:39] 
Found track 10 at [0:19:55] 
Found track 11 at [0:21:45] 
Found track 12 at [0:24:03] 
Found track 13 at [0:25:21] 
Traceback (most recent call last):
  File "../../../repo/extrct_tape.py", line 11, in <module>
    tapestream.open_read()
  File "/home/rob/Projects/basic-project/pc-basic/pcbasic/basic/cassette.py", line 431, in open_read
    raise EndOfTape()
pcbasic.basic.cassette.EndOfTape
