WARNING:root:[0:19:18]  Checksum failed, required: 31 realised: 54
WARNING:root:[0:20:13]  Cassette I/O error during read: Byte not framed: [0, 1, 0, 1, 1, 0, 0, 1, 0, 0, 0] 
WARNING:root:[0:20:13]  Cassette I/O error during read: Byte not framed: [0, 0, 1, 0, 1, 1, 1, 0, 0, 0, 0] 
WARNING:root:[0:20:13]  Cassette I/O error during read: Byte not framed: [0, 1, 0, 1, 1, 1, 0, 0, 0, 0, 1] 
WARNING:root:[0:20:13]  Cassette I/O error during read: Byte not framed: [0, 0, 1, 1, 1, 1, 0, 0, 0, 1, 0] 
WARNING:root:[0:20:13]  Cassette I/O error during read: Byte not framed: [0, 0, 1, 1, 1, 1, 0, 1, 0, 1, 0] 
WARNING:root:[0:20:13]  Cassette I/O error during read: Byte not framed: [0, 0, 1, 1, 1, 1, 0, 0, 0, 0, 1] 
WARNING:root:[0:20:13]  Cassette I/O error during read: Byte not framed: [1, 0, 1, 1, 1, 0, 0, 0, 0, 1, 0] 
WARNING:root:[0:20:13]  Cassette I/O error during read: Byte not framed: [1, 1, 1, 1, 0, 0, 0, 1, 0, 0, 1] 
WARNING:root:[0:20:13]  Cassette I/O error during read: Byte not framed: [1, 1, 1, 0, 1, 0, 0, 1, 0, 1, 0] 
WARNING:root:[0:20:13]  Cassette I/O error during read: Byte not framed: [1, 1, 0, 1, 0, 1, 1, 0, 1, 0, 1] 
WARNING:root:[0:20:13]  Cassette I/O error during read: Byte not framed: [1, 0, 1, 0, 0, 1, 0, 0, 1, 1, 1] 
WARNING:root:[0:20:58]  Checksum failed, required: 1e realised: 42
Found track 0 at [0:01:00] 
Found track 1 at [0:03:09] 
Found track 2 at [0:05:36] 
Found track 3 at [0:08:23] 
Found track 4 at [0:11:02] 
Found track 5 at [0:11:54] 
Found track 6 at [0:12:35] 
Found track 7 at [0:13:40] 
Found track 8 at [0:16:04] 
Found track 9 at [0:17:59] 
Found track 10 at [0:19:34] 
Found track 11 at [0:21:14] 
Found track 12 at [0:24:08] 
Traceback (most recent call last):
  File "../../../repo/extrct_tape.py", line 11, in <module>
    tapestream.open_read()
  File "/home/rob/Projects/basic-project/pc-basic/pcbasic/basic/cassette.py", line 431, in open_read
    raise EndOfTape()
pcbasic.basic.cassette.EndOfTape
